This file contains any messages produced by compilers while
running configure, to aid debugging if configure makes a mistake.

It was created by configure, which was
generated by GNU Autoconf 2.71.  Invocation command line was

  $ ./configure

## --------- ##
## Platform. ##
## --------- ##

hostname = wasimul-HP
uname -m = x86_64
uname -r = 6.5.0-18-generic
uname -s = Linux
uname -v = #18~22.04.1-Ubuntu SMP PREEMPT_DYNAMIC Wed Feb  7 11:40:03 UTC 2

/usr/bin/uname -p = x86_64
/bin/uname -X     = unknown

/bin/arch              = x86_64
/usr/bin/arch -k       = unknown
/usr/convex/getsysinfo = unknown
/usr/bin/hostinfo      = unknown
/bin/machine           = unknown
/usr/bin/oslevel       = unknown
/bin/universe          = unknown

PATH: /usr/sdcc-master/bin/
PATH: /home/wasimul/Documents/riscv-vp/vp/build/bin/
PATH: /opt/riscv-gnu-toolchain-dist-rv32imac-ilp32/bin/
PATH: /opt/riscv/bin/
PATH: /usr/sdcc-master/bin/
PATH: /home/wasimul/Documents/riscv-vp/vp/build/bin/
PATH: /opt/riscv-gnu-toolchain-dist-rv32imac-ilp32/bin/
PATH: /opt/riscv/bin/
PATH: /usr/local/sbin/
PATH: /usr/local/bin/
PATH: /usr/sbin/
PATH: /usr/bin/
PATH: /sbin/
PATH: /bin/
PATH: /usr/games/
PATH: /usr/local/games/
PATH: /snap/bin/
PATH: /snap/bin/


## ----------- ##
## Core tests. ##
## ----------- ##

configure:3001: looking for aux files: install-sh config.guess config.sub
configure:3014:  trying ./
configure:3025:   ./install-sh found
configure:3043:   ./config.guess found
configure:3043:   ./config.sub found
configure:3166: checking build system type
configure:3181: result: x86_64-pc-linux-gnu
configure:3201: checking host system type
configure:3215: result: x86_64-pc-linux-gnu
configure:3243: checking for gawk
configure:3264: found /usr/bin/gawk
configure:3275: result: gawk
configure:3287: checking version of the package
configure:3291: result: 4.2.14
configure:3404: checking for gcc
configure:3425: found /usr/bin/gcc
configure:3436: result: gcc
configure:3789: checking for C compiler version
configure:3798: gcc --version >&5
gcc (Ubuntu 11.4.0-1ubuntu1~22.04) 11.4.0
Copyright (C) 2021 Free Software Foundation, Inc.
This is free software; see the source for copying conditions.  There is NO
warranty; not even for MERCHANTABILITY or FITNESS FOR A PARTICULAR PURPOSE.

configure:3809: $? = 0
configure:3798: gcc -v >&5
Using built-in specs.
COLLECT_GCC=gcc
COLLECT_LTO_WRAPPER=/usr/lib/gcc/x86_64-linux-gnu/11/lto-wrapper
OFFLOAD_TARGET_NAMES=nvptx-none:amdgcn-amdhsa
OFFLOAD_TARGET_DEFAULT=1
Target: x86_64-linux-gnu
Configured with: ../src/configure -v --with-pkgversion='Ubuntu 11.4.0-1ubuntu1~22.04' --with-bugurl=file:///usr/share/doc/gcc-11/README.Bugs --enable-languages=c,ada,c++,go,brig,d,fortran,objc,obj-c++,m2 --prefix=/usr --with-gcc-major-version-only --program-suffix=-11 --program-prefix=x86_64-linux-gnu- --enable-shared --enable-linker-build-id --libexecdir=/usr/lib --without-included-gettext --enable-threads=posix --libdir=/usr/lib --enable-nls --enable-bootstrap --enable-clocale=gnu --enable-libstdcxx-debug --enable-libstdcxx-time=yes --with-default-libstdcxx-abi=new --enable-gnu-unique-object --disable-vtable-verify --enable-plugin --enable-default-pie --with-system-zlib --enable-libphobos-checking=release --with-target-system-zlib=auto --enable-objc-gc=auto --enable-multiarch --disable-werror --enable-cet --with-arch-32=i686 --with-abi=m64 --with-multilib-list=m32,m64,mx32 --enable-multilib --with-tune=generic --enable-offload-targets=nvptx-none=/build/gcc-11-XeT9lY/gcc-11-11.4.0/debian/tmp-nvptx/usr,amdgcn-amdhsa=/build/gcc-11-XeT9lY/gcc-11-11.4.0/debian/tmp-gcn/usr --without-cuda-driver --enable-checking=release --build=x86_64-linux-gnu --host=x86_64-linux-gnu --target=x86_64-linux-gnu --with-build-config=bootstrap-lto-lean --enable-link-serialization=2
Thread model: posix
Supported LTO compression algorithms: zlib zstd
gcc version 11.4.0 (Ubuntu 11.4.0-1ubuntu1~22.04) 
... rest of stderr output deleted ...
configure:3809: $? = 0
configure:3798: gcc -V >&5
gcc: error: unrecognized command-line option '-V'
gcc: fatal error: no input files
compilation terminated.
configure:3809: $? = 1
configure:3798: gcc -qversion >&5
gcc: error: unrecognized command-line option '-qversion'; did you mean '--version'?
gcc: fatal error: no input files
compilation terminated.
configure:3809: $? = 1
configure:3798: gcc -version >&5
gcc: error: unrecognized command-line option '-version'
gcc: fatal error: no input files
compilation terminated.
configure:3809: $? = 1
configure:3829: checking whether the C compiler works
configure:3851: gcc    conftest.c  >&5
configure:3855: $? = 0
configure:3905: result: yes
configure:3908: checking for C compiler default output file name
configure:3910: result: a.out
configure:3916: checking for suffix of executables
configure:3923: gcc -o conftest    conftest.c  >&5
configure:3927: $? = 0
configure:3950: result: 
configure:3972: checking whether we are cross compiling
configure:3980: gcc -o conftest    conftest.c  >&5
configure:3984: $? = 0
configure:3991: ./conftest
configure:3995: $? = 0
configure:4010: result: no
configure:4015: checking for suffix of object files
configure:4038: gcc -c   conftest.c >&5
configure:4042: $? = 0
configure:4064: result: o
configure:4068: checking whether the compiler supports GNU C
configure:4088: gcc -c   conftest.c >&5
configure:4088: $? = 0
configure:4098: result: yes
configure:4109: checking whether gcc accepts -g
configure:4130: gcc -c -g  conftest.c >&5
configure:4130: $? = 0
configure:4174: result: yes
configure:4194: checking for gcc option to enable C11 features
configure:4209: gcc  -c -g -O2  conftest.c >&5
configure:4209: $? = 0
configure:4227: result: none needed
configure:4342: checking how to run the C preprocessor
configure:4368: gcc -E  conftest.c
configure:4368: $? = 0
configure:4383: gcc -E  conftest.c
conftest.c:13:10: fatal error: ac_nonexistent.h: No such file or directory
   13 | #include <ac_nonexistent.h>
      |          ^~~~~~~~~~~~~~~~~~
compilation terminated.
configure:4383: $? = 1
configure: failed program was:
| /* confdefs.h */
| #define PACKAGE_NAME ""
| #define PACKAGE_TARNAME ""
| #define PACKAGE_VERSION ""
| #define PACKAGE_STRING ""
| #define PACKAGE_BUGREPORT ""
| #define PACKAGE_URL ""
| #define SDCC_VERSION_LO 2
| #define SDCC_VERSION_HI 4
| #define SDCC_VERSION_P 14
| #define SDCC_VERSION_STR "4.2.14"
| /* end confdefs.h.  */
| #include <ac_nonexistent.h>
configure:4410: result: gcc -E
configure:4424: gcc -E  conftest.c
configure:4424: $? = 0
configure:4439: gcc -E  conftest.c
conftest.c:13:10: fatal error: ac_nonexistent.h: No such file or directory
   13 | #include <ac_nonexistent.h>
      |          ^~~~~~~~~~~~~~~~~~
compilation terminated.
configure:4439: $? = 1
configure: failed program was:
| /* confdefs.h */
| #define PACKAGE_NAME ""
| #define PACKAGE_TARNAME ""
| #define PACKAGE_VERSION ""
| #define PACKAGE_STRING ""
| #define PACKAGE_BUGREPORT ""
| #define PACKAGE_URL ""
| #define SDCC_VERSION_LO 2
| #define SDCC_VERSION_HI 4
| #define SDCC_VERSION_P 14
| #define SDCC_VERSION_STR "4.2.14"
| /* end confdefs.h.  */
| #include <ac_nonexistent.h>
configure:4538: checking for g++
configure:4559: found /usr/bin/g++
configure:4570: result: g++
configure:4597: checking for C++ compiler version
configure:4606: g++ --version >&5
g++ (Ubuntu 11.4.0-1ubuntu1~22.04) 11.4.0
Copyright (C) 2021 Free Software Foundation, Inc.
This is free software; see the source for copying conditions.  There is NO
warranty; not even for MERCHANTABILITY or FITNESS FOR A PARTICULAR PURPOSE.

configure:4617: $? = 0
configure:4606: g++ -v >&5
Using built-in specs.
COLLECT_GCC=g++
COLLECT_LTO_WRAPPER=/usr/lib/gcc/x86_64-linux-gnu/11/lto-wrapper
OFFLOAD_TARGET_NAMES=nvptx-none:amdgcn-amdhsa
OFFLOAD_TARGET_DEFAULT=1
Target: x86_64-linux-gnu
Configured with: ../src/configure -v --with-pkgversion='Ubuntu 11.4.0-1ubuntu1~22.04' --with-bugurl=file:///usr/share/doc/gcc-11/README.Bugs --enable-languages=c,ada,c++,go,brig,d,fortran,objc,obj-c++,m2 --prefix=/usr --with-gcc-major-version-only --program-suffix=-11 --program-prefix=x86_64-linux-gnu- --enable-shared --enable-linker-build-id --libexecdir=/usr/lib --without-included-gettext --enable-threads=posix --libdir=/usr/lib --enable-nls --enable-bootstrap --enable-clocale=gnu --enable-libstdcxx-debug --enable-libstdcxx-time=yes --with-default-libstdcxx-abi=new --enable-gnu-unique-object --disable-vtable-verify --enable-plugin --enable-default-pie --with-system-zlib --enable-libphobos-checking=release --with-target-system-zlib=auto --enable-objc-gc=auto --enable-multiarch --disable-werror --enable-cet --with-arch-32=i686 --with-abi=m64 --with-multilib-list=m32,m64,mx32 --enable-multilib --with-tune=generic --enable-offload-targets=nvptx-none=/build/gcc-11-XeT9lY/gcc-11-11.4.0/debian/tmp-nvptx/usr,amdgcn-amdhsa=/build/gcc-11-XeT9lY/gcc-11-11.4.0/debian/tmp-gcn/usr --without-cuda-driver --enable-checking=release --build=x86_64-linux-gnu --host=x86_64-linux-gnu --target=x86_64-linux-gnu --with-build-config=bootstrap-lto-lean --enable-link-serialization=2
Thread model: posix
Supported LTO compression algorithms: zlib zstd
gcc version 11.4.0 (Ubuntu 11.4.0-1ubuntu1~22.04) 
... rest of stderr output deleted ...
configure:4617: $? = 0
configure:4606: g++ -V >&5
g++: error: unrecognized command-line option '-V'
g++: fatal error: no input files
compilation terminated.
configure:4617: $? = 1
configure:4606: g++ -qversion >&5
g++: error: unrecognized command-line option '-qversion'; did you mean '--version'?
g++: fatal error: no input files
compilation terminated.
configure:4617: $? = 1
configure:4621: checking whether the compiler supports GNU C++
configure:4641: g++ -c   conftest.cpp >&5
configure:4641: $? = 0
configure:4651: result: yes
configure:4662: checking whether g++ accepts -g
configure:4683: g++ -c -g  conftest.cpp >&5
configure:4683: $? = 0
configure:4727: result: yes
configure:4747: checking for g++ option to enable C++11 features
configure:4762: g++  -c -g -O2  conftest.cpp >&5
conftest.cpp: In function 'int main(int, char**)':
conftest.cpp:179:25: warning: empty parentheses were disambiguated as a function declaration [-Wvexing-parse]
  179 |   cxx11test::delegate d2();
      |                         ^~
conftest.cpp:179:25: note: remove parentheses to default-initialize a variable
  179 |   cxx11test::delegate d2();
      |                         ^~
      |                         --
conftest.cpp:179:25: note: or replace parentheses with braces to value-initialize a variable
configure:4762: $? = 0
configure:4780: result: none needed
configure:4859: checking for a BSD-compatible install
configure:4932: result: /usr/bin/install -c
configure:4991: checking for ranlib
configure:5012: found /usr/bin/ranlib
configure:5023: result: ranlib
configure:5047: checking for autoconf
configure:5068: found /usr/bin/autoconf
configure:5080: result: autoconf
configure:5090: checking for strip
configure:5111: found /usr/bin/strip
configure:5123: result: strip
configure:5133: checking for as
configure:5154: found /usr/bin/as
configure:5166: result: as
configure:5176: checking for cp
configure:5197: found /usr/bin/cp
configure:5209: result: cp
configure:5219: checking for ar
configure:5240: found /usr/bin/ar
configure:5252: result: ar
configure:5262: checking for gm4
configure:5295: result: m4
configure:5308: checking for flex
configure:5329: found /usr/bin/flex
configure:5340: result: flex
configure:5357: checking for bison
configure:5378: found /usr/bin/bison
configure:5389: result: bison -y
configure:5439: checking for a Python interpreter with version >= 2.7
configure:5457: python -c import sys # split strings by '.' and convert to numeric. Append some zeros # because we need at least 4 digits for the hex conversion. # map returns an iterator in Python 3.0 and a list in 2.x minver = list(map(int, '2.7'.split('.'))) + [0, 0, 0] minverhex = 0 # xrange is not present in Python 3.0 and range returns an iterator for i in list(range(0, 4)): minverhex = (minverhex << 8) + minver[i] sys.exit(sys.hexversion < minverhex)
./configure: line 5458: python: command not found
configure:5460: $? = 127
configure:5457: python2 -c import sys # split strings by '.' and convert to numeric. Append some zeros # because we need at least 4 digits for the hex conversion. # map returns an iterator in Python 3.0 and a list in 2.x minver = list(map(int, '2.7'.split('.'))) + [0, 0, 0] minverhex = 0 # xrange is not present in Python 3.0 and range returns an iterator for i in list(range(0, 4)): minverhex = (minverhex << 8) + minver[i] sys.exit(sys.hexversion < minverhex)
./configure: line 5458: python2: command not found
configure:5460: $? = 127
configure:5457: python3 -c import sys # split strings by '.' and convert to numeric. Append some zeros # because we need at least 4 digits for the hex conversion. # map returns an iterator in Python 3.0 and a list in 2.x minver = list(map(int, '2.7'.split('.'))) + [0, 0, 0] minverhex = 0 # xrange is not present in Python 3.0 and range returns an iterator for i in list(range(0, 4)): minverhex = (minverhex << 8) + minver[i] sys.exit(sys.hexversion < minverhex)
configure:5460: $? = 0
configure:5467: result: python3
configure:5475: checking for python3
configure:5498: found /usr/bin/python3
configure:5510: result: /usr/bin/python3
configure:5528: checking for python3 version
configure:5536: result: 3.10
configure:5548: checking for python3 platform
configure:5556: result: linux
configure:5582: checking for python3 script directory
configure:5618: result: ${prefix}/local/lib/python3.10/dist-packages
configure:5627: checking for python3 extension module directory
configure:5663: result: ${exec_prefix}/local/lib/python3.10/dist-packages
configure:5700: checking for stdio.h
configure:5700: gcc -c -g -O2  conftest.c >&5
configure:5700: $? = 0
configure:5700: result: yes
configure:5700: checking for stdlib.h
configure:5700: gcc -c -g -O2  conftest.c >&5
configure:5700: $? = 0
configure:5700: result: yes
configure:5700: checking for string.h
configure:5700: gcc -c -g -O2  conftest.c >&5
configure:5700: $? = 0
configure:5700: result: yes
configure:5700: checking for inttypes.h
configure:5700: gcc -c -g -O2  conftest.c >&5
configure:5700: $? = 0
configure:5700: result: yes
configure:5700: checking for stdint.h
configure:5700: gcc -c -g -O2  conftest.c >&5
configure:5700: $? = 0
configure:5700: result: yes
configure:5700: checking for strings.h
configure:5700: gcc -c -g -O2  conftest.c >&5
configure:5700: $? = 0
configure:5700: result: yes
configure:5700: checking for sys/stat.h
configure:5700: gcc -c -g -O2  conftest.c >&5
configure:5700: $? = 0
configure:5700: result: yes
configure:5700: checking for sys/types.h
configure:5700: gcc -c -g -O2  conftest.c >&5
configure:5700: $? = 0
configure:5700: result: yes
configure:5700: checking for unistd.h
configure:5700: gcc -c -g -O2  conftest.c >&5
configure:5700: $? = 0
configure:5700: result: yes
configure:5725: checking for endian.h
configure:5725: gcc -c -g -O2  conftest.c >&5
configure:5725: $? = 0
configure:5725: result: yes
configure:5731: checking for sys/endian.h
configure:5731: gcc -c -g -O2  conftest.c >&5
conftest.c:52:10: fatal error: sys/endian.h: No such file or directory
   52 | #include <sys/endian.h>
      |          ^~~~~~~~~~~~~~
compilation terminated.
configure:5731: $? = 1
configure: failed program was:
| /* confdefs.h */
| #define PACKAGE_NAME ""
| #define PACKAGE_TARNAME ""
| #define PACKAGE_VERSION ""
| #define PACKAGE_STRING ""
| #define PACKAGE_BUGREPORT ""
| #define PACKAGE_URL ""
| #define SDCC_VERSION_LO 2
| #define SDCC_VERSION_HI 4
| #define SDCC_VERSION_P 14
| #define SDCC_VERSION_STR "4.2.14"
| #define HAVE_STDIO_H 1
| #define HAVE_STDLIB_H 1
| #define HAVE_STRING_H 1
| #define HAVE_INTTYPES_H 1
| #define HAVE_STDINT_H 1
| #define HAVE_STRINGS_H 1
| #define HAVE_SYS_STAT_H 1
| #define HAVE_SYS_TYPES_H 1
| #define HAVE_UNISTD_H 1
| #define STDC_HEADERS 1
| #define HAVE_ENDIAN_H 1
| /* end confdefs.h.  */
| #include <stddef.h>
| #ifdef HAVE_STDIO_H
| # include <stdio.h>
| #endif
| #ifdef HAVE_STDLIB_H
| # include <stdlib.h>
| #endif
| #ifdef HAVE_STRING_H
| # include <string.h>
| #endif
| #ifdef HAVE_INTTYPES_H
| # include <inttypes.h>
| #endif
| #ifdef HAVE_STDINT_H
| # include <stdint.h>
| #endif
| #ifdef HAVE_STRINGS_H
| # include <strings.h>
| #endif
| #ifdef HAVE_SYS_TYPES_H
| # include <sys/types.h>
| #endif
| #ifdef HAVE_SYS_STAT_H
| # include <sys/stat.h>
| #endif
| #ifdef HAVE_UNISTD_H
| # include <unistd.h>
| #endif
| #include <sys/endian.h>
configure:5731: result: no
configure:5737: checking for machine/endian.h
configure:5737: gcc -c -g -O2  conftest.c >&5
conftest.c:52:10: fatal error: machine/endian.h: No such file or directory
   52 | #include <machine/endian.h>
      |          ^~~~~~~~~~~~~~~~~~
compilation terminated.
configure:5737: $? = 1
configure: failed program was:
| /* confdefs.h */
| #define PACKAGE_NAME ""
| #define PACKAGE_TARNAME ""
| #define PACKAGE_VERSION ""
| #define PACKAGE_STRING ""
| #define PACKAGE_BUGREPORT ""
| #define PACKAGE_URL ""
| #define SDCC_VERSION_LO 2
| #define SDCC_VERSION_HI 4
| #define SDCC_VERSION_P 14
| #define SDCC_VERSION_STR "4.2.14"
| #define HAVE_STDIO_H 1
| #define HAVE_STDLIB_H 1
| #define HAVE_STRING_H 1
| #define HAVE_INTTYPES_H 1
| #define HAVE_STDINT_H 1
| #define HAVE_STRINGS_H 1
| #define HAVE_SYS_STAT_H 1
| #define HAVE_SYS_TYPES_H 1
| #define HAVE_UNISTD_H 1
| #define STDC_HEADERS 1
| #define HAVE_ENDIAN_H 1
| /* end confdefs.h.  */
| #include <stddef.h>
| #ifdef HAVE_STDIO_H
| # include <stdio.h>
| #endif
| #ifdef HAVE_STDLIB_H
| # include <stdlib.h>
| #endif
| #ifdef HAVE_STRING_H
| # include <string.h>
| #endif
| #ifdef HAVE_INTTYPES_H
| # include <inttypes.h>
| #endif
| #ifdef HAVE_STDINT_H
| # include <stdint.h>
| #endif
| #ifdef HAVE_STRINGS_H
| # include <strings.h>
| #endif
| #ifdef HAVE_SYS_TYPES_H
| # include <sys/types.h>
| #endif
| #ifdef HAVE_SYS_STAT_H
| # include <sys/stat.h>
| #endif
| #ifdef HAVE_UNISTD_H
| # include <unistd.h>
| #endif
| #include <machine/endian.h>
configure:5737: result: no
configure:5743: checking for sys/isa_defs.h
configure:5743: gcc -c -g -O2  conftest.c >&5
conftest.c:52:10: fatal error: sys/isa_defs.h: No such file or directory
   52 | #include <sys/isa_defs.h>
      |          ^~~~~~~~~~~~~~~~
compilation terminated.
configure:5743: $? = 1
configure: failed program was:
| /* confdefs.h */
| #define PACKAGE_NAME ""
| #define PACKAGE_TARNAME ""
| #define PACKAGE_VERSION ""
| #define PACKAGE_STRING ""
| #define PACKAGE_BUGREPORT ""
| #define PACKAGE_URL ""
| #define SDCC_VERSION_LO 2
| #define SDCC_VERSION_HI 4
| #define SDCC_VERSION_P 14
| #define SDCC_VERSION_STR "4.2.14"
| #define HAVE_STDIO_H 1
| #define HAVE_STDLIB_H 1
| #define HAVE_STRING_H 1
| #define HAVE_INTTYPES_H 1
| #define HAVE_STDINT_H 1
| #define HAVE_STRINGS_H 1
| #define HAVE_SYS_STAT_H 1
| #define HAVE_SYS_TYPES_H 1
| #define HAVE_UNISTD_H 1
| #define STDC_HEADERS 1
| #define HAVE_ENDIAN_H 1
| /* end confdefs.h.  */
| #include <stddef.h>
| #ifdef HAVE_STDIO_H
| # include <stdio.h>
| #endif
| #ifdef HAVE_STDLIB_H
| # include <stdlib.h>
| #endif
| #ifdef HAVE_STRING_H
| # include <string.h>
| #endif
| #ifdef HAVE_INTTYPES_H
| # include <inttypes.h>
| #endif
| #ifdef HAVE_STDINT_H
| # include <stdint.h>
| #endif
| #ifdef HAVE_STRINGS_H
| # include <strings.h>
| #endif
| #ifdef HAVE_SYS_TYPES_H
| # include <sys/types.h>
| #endif
| #ifdef HAVE_SYS_STAT_H
| # include <sys/stat.h>
| #endif
| #ifdef HAVE_UNISTD_H
| # include <unistd.h>
| #endif
| #include <sys/isa_defs.h>
configure:5743: result: no
configure:5750: checking for uchar.h
configure:5750: gcc -c -g -O2  conftest.c >&5
configure:5750: $? = 0
configure:5750: result: yes
configure:5766: checking for treedec/combinations.hpp
configure:5766: g++ -c -g -O2  conftest.cpp >&5
conftest.cpp:53:10: fatal error: treedec/combinations.hpp: No such file or directory
   53 | #include <treedec/combinations.hpp>
      |          ^~~~~~~~~~~~~~~~~~~~~~~~~~
compilation terminated.
configure:5766: $? = 1
configure: failed program was:
| /* confdefs.h */
| #define PACKAGE_NAME ""
| #define PACKAGE_TARNAME ""
| #define PACKAGE_VERSION ""
| #define PACKAGE_STRING ""
| #define PACKAGE_BUGREPORT ""
| #define PACKAGE_URL ""
| #define SDCC_VERSION_LO 2
| #define SDCC_VERSION_HI 4
| #define SDCC_VERSION_P 14
| #define SDCC_VERSION_STR "4.2.14"
| #define HAVE_STDIO_H 1
| #define HAVE_STDLIB_H 1
| #define HAVE_STRING_H 1
| #define HAVE_INTTYPES_H 1
| #define HAVE_STDINT_H 1
| #define HAVE_STRINGS_H 1
| #define HAVE_SYS_STAT_H 1
| #define HAVE_SYS_TYPES_H 1
| #define HAVE_UNISTD_H 1
| #define STDC_HEADERS 1
| #define HAVE_ENDIAN_H 1
| #define HAVE_UCHAR_H 1
| /* end confdefs.h.  */
| #include <stddef.h>
| #ifdef HAVE_STDIO_H
| # include <stdio.h>
| #endif
| #ifdef HAVE_STDLIB_H
| # include <stdlib.h>
| #endif
| #ifdef HAVE_STRING_H
| # include <string.h>
| #endif
| #ifdef HAVE_INTTYPES_H
| # include <inttypes.h>
| #endif
| #ifdef HAVE_STDINT_H
| # include <stdint.h>
| #endif
| #ifdef HAVE_STRINGS_H
| # include <strings.h>
| #endif
| #ifdef HAVE_SYS_TYPES_H
| # include <sys/types.h>
| #endif
| #ifdef HAVE_SYS_STAT_H
| # include <sys/stat.h>
| #endif
| #ifdef HAVE_UNISTD_H
| # include <unistd.h>
| #endif
| #include <treedec/combinations.hpp>
configure:5766: result: no
configure:5772: treedec library missing, falling back to Thorup.
configure:5777: checking for gala/graph.h
configure:5777: g++ -c -g -O2  conftest.cpp >&5
conftest.cpp:53:10: fatal error: gala/graph.h: No such file or directory
   53 | #include <gala/graph.h>
      |          ^~~~~~~~~~~~~~
compilation terminated.
configure:5777: $? = 1
configure: failed program was:
| /* confdefs.h */
| #define PACKAGE_NAME ""
| #define PACKAGE_TARNAME ""
| #define PACKAGE_VERSION ""
| #define PACKAGE_STRING ""
| #define PACKAGE_BUGREPORT ""
| #define PACKAGE_URL ""
| #define SDCC_VERSION_LO 2
| #define SDCC_VERSION_HI 4
| #define SDCC_VERSION_P 14
| #define SDCC_VERSION_STR "4.2.14"
| #define HAVE_STDIO_H 1
| #define HAVE_STDLIB_H 1
| #define HAVE_STRING_H 1
| #define HAVE_INTTYPES_H 1
| #define HAVE_STDINT_H 1
| #define HAVE_STRINGS_H 1
| #define HAVE_SYS_STAT_H 1
| #define HAVE_SYS_TYPES_H 1
| #define HAVE_UNISTD_H 1
| #define STDC_HEADERS 1
| #define HAVE_ENDIAN_H 1
| #define HAVE_UCHAR_H 1
| /* end confdefs.h.  */
| #include <stddef.h>
| #ifdef HAVE_STDIO_H
| # include <stdio.h>
| #endif
| #ifdef HAVE_STDLIB_H
| # include <stdlib.h>
| #endif
| #ifdef HAVE_STRING_H
| # include <string.h>
| #endif
| #ifdef HAVE_INTTYPES_H
| # include <inttypes.h>
| #endif
| #ifdef HAVE_STDINT_H
| # include <stdint.h>
| #endif
| #ifdef HAVE_STRINGS_H
| # include <strings.h>
| #endif
| #ifdef HAVE_SYS_TYPES_H
| # include <sys/types.h>
| #endif
| #ifdef HAVE_SYS_STAT_H
| # include <sys/stat.h>
| #endif
| #ifdef HAVE_UNISTD_H
| # include <unistd.h>
| #endif
| #include <gala/graph.h>
configure:5777: result: no
configure:5786: checking for boost/graph/adjacency_list.hpp
configure:5786: g++ -c -g -O2  conftest.cpp >&5
configure:5786: $? = 0
configure:5786: result: yes
configure:5813: checking for ccache
configure:5848: result: no
configure:5861: checking for mkstemp
configure:5861: gcc -o conftest -g -O2   conftest.c  >&5
configure:5861: $? = 0
configure:5861: result: yes
configure:5867: checking for strndup
configure:5867: gcc -o conftest -g -O2   conftest.c  >&5
conftest.c:43:6: warning: conflicting types for built-in function 'strndup'; expected 'char *(const char *, long unsigned int)' [-Wbuiltin-declaration-mismatch]
   43 | char strndup ();
      |      ^~~~~~~
configure:5867: $? = 0
configure:5867: result: yes
configure:5873: checking for setrlimit
configure:5873: gcc -o conftest -g -O2   conftest.c  >&5
configure:5873: $? = 0
configure:5873: result: yes
configure:5879: checking for backtrace_symbols_fd
configure:5879: gcc -o conftest -g -O2   conftest.c  >&5
configure:5879: $? = 0
configure:5879: result: yes
configure:5985: checking whether g++ supports C++11 features with -std=gnu++11
configure:6282: g++ -std=gnu++11 -c -g -O2  conftest.cpp >&5
configure:6282: $? = 0
configure:6292: result: yes
configure:6659: checking whether preprocessor accepts -MM or -M
Using built-in specs.
COLLECT_GCC=gcc
OFFLOAD_TARGET_NAMES=nvptx-none:amdgcn-amdhsa
OFFLOAD_TARGET_DEFAULT=1
Target: x86_64-linux-gnu
Configured with: ../src/configure -v --with-pkgversion='Ubuntu 11.4.0-1ubuntu1~22.04' --with-bugurl=file:///usr/share/doc/gcc-11/README.Bugs --enable-languages=c,ada,c++,go,brig,d,fortran,objc,obj-c++,m2 --prefix=/usr --with-gcc-major-version-only --program-suffix=-11 --program-prefix=x86_64-linux-gnu- --enable-shared --enable-linker-build-id --libexecdir=/usr/lib --without-included-gettext --enable-threads=posix --libdir=/usr/lib --enable-nls --enable-bootstrap --enable-clocale=gnu --enable-libstdcxx-debug --enable-libstdcxx-time=yes --with-default-libstdcxx-abi=new --enable-gnu-unique-object --disable-vtable-verify --enable-plugin --enable-default-pie --with-system-zlib --enable-libphobos-checking=release --with-target-system-zlib=auto --enable-objc-gc=auto --enable-multiarch --disable-werror --enable-cet --with-arch-32=i686 --with-abi=m64 --with-multilib-list=m32,m64,mx32 --enable-multilib --with-tune=generic --enable-offload-targets=nvptx-none=/build/gcc-11-XeT9lY/gcc-11-11.4.0/debian/tmp-nvptx/usr,amdgcn-amdhsa=/build/gcc-11-XeT9lY/gcc-11-11.4.0/debian/tmp-gcn/usr --without-cuda-driver --enable-checking=release --build=x86_64-linux-gnu --host=x86_64-linux-gnu --target=x86_64-linux-gnu --with-build-config=bootstrap-lto-lean --enable-link-serialization=2
Thread model: posix
Supported LTO compression algorithms: zlib zstd
gcc version 11.4.0 (Ubuntu 11.4.0-1ubuntu1~22.04) 
COLLECT_GCC_OPTIONS='-E' '-v' '-MM' '-mtune=generic' '-march=x86-64'
 /usr/lib/gcc/x86_64-linux-gnu/11/cc1 -E -quiet -v -imultiarch x86_64-linux-gnu -MM _test_.c -mtune=generic -march=x86-64 -fasynchronous-unwind-tables -fstack-protector-strong -Wformat -Wformat-security -fstack-clash-protection -fcf-protection -dumpbase _test_.c -dumpbase-ext .c
ignoring nonexistent directory "/usr/local/include/x86_64-linux-gnu"
ignoring nonexistent directory "/usr/lib/gcc/x86_64-linux-gnu/11/include-fixed"
ignoring nonexistent directory "/usr/lib/gcc/x86_64-linux-gnu/11/../../../../x86_64-linux-gnu/include"
#include "..." search starts here:
#include <...> search starts here:
 /usr/lib/gcc/x86_64-linux-gnu/11/include
 /usr/local/include
 /usr/include/x86_64-linux-gnu
 /usr/include
End of search list.
_test_.o: _test_.c
COMPILER_PATH=/usr/lib/gcc/x86_64-linux-gnu/11/:/usr/lib/gcc/x86_64-linux-gnu/11/:/usr/lib/gcc/x86_64-linux-gnu/:/usr/lib/gcc/x86_64-linux-gnu/11/:/usr/lib/gcc/x86_64-linux-gnu/
LIBRARY_PATH=/usr/lib/gcc/x86_64-linux-gnu/11/:/usr/lib/gcc/x86_64-linux-gnu/11/../../../x86_64-linux-gnu/:/usr/lib/gcc/x86_64-linux-gnu/11/../../../../lib/:/lib/x86_64-linux-gnu/:/lib/../lib/:/usr/lib/x86_64-linux-gnu/:/usr/lib/../lib/:/usr/lib/gcc/x86_64-linux-gnu/11/../../../:/lib/:/usr/lib/
COLLECT_GCC_OPTIONS='-E' '-v' '-MM' '-mtune=generic' '-march=x86-64'
configure:6675: result: -MM
configure:6682: checking whether C accepts -ggdb
configure:6703: gcc -c -ggdb  conftest.c >&5
configure:6703: $? = 0
configure:6713: result: yes
configure:6725: checking whether C accepts -pipe
configure:6746: gcc -c -pipe  conftest.c >&5
configure:6746: $? = 0
configure:6756: result: yes
configure:6830: checking return type of signal handlers
configure:6849: gcc -c  -pipe -ggdb -g -O2  conftest.c >&5
conftest.c: In function 'main':
conftest.c:37:10: error: void value not ignored as it ought to be
   37 | return *(signal (0, 0)) (0) == 1;
      |         ~^~~~~~~~~~~~~~~~~~
configure:6849: $? = 1
configure: failed program was:
| /* confdefs.h */
| #define PACKAGE_NAME ""
| #define PACKAGE_TARNAME ""
| #define PACKAGE_VERSION ""
| #define PACKAGE_STRING ""
| #define PACKAGE_BUGREPORT ""
| #define PACKAGE_URL ""
| #define SDCC_VERSION_LO 2
| #define SDCC_VERSION_HI 4
| #define SDCC_VERSION_P 14
| #define SDCC_VERSION_STR "4.2.14"
| #define HAVE_STDIO_H 1
| #define HAVE_STDLIB_H 1
| #define HAVE_STRING_H 1
| #define HAVE_INTTYPES_H 1
| #define HAVE_STDINT_H 1
| #define HAVE_STRINGS_H 1
| #define HAVE_SYS_STAT_H 1
| #define HAVE_SYS_TYPES_H 1
| #define HAVE_UNISTD_H 1
| #define STDC_HEADERS 1
| #define HAVE_ENDIAN_H 1
| #define HAVE_UCHAR_H 1
| #define HAVE_BOOST_GRAPH_ADJACENCY_LIST_HPP 1
| #define HAVE_MKSTEMP 1
| #define HAVE_STRNDUP 1
| #define HAVE_SETRLIMIT 1
| #define HAVE_BACKTRACE_SYMBOLS_FD 1
| #define HAVE_CXX11 1
| /* end confdefs.h.  */
| #include <sys/types.h>
| #include <signal.h>
| 
| int
| main (void)
| {
| return *(signal (0, 0)) (0) == 1;
|   ;
|   return 0;
| }
configure:6857: result: void
configure:6868: checking size of char
configure:6874: gcc -o conftest  -pipe -ggdb -g -O2   conftest.c  >&5
configure:6874: $? = 0
configure:6874: ./conftest
configure:6874: $? = 0
configure:6889: result: 1
configure:6901: checking size of short
configure:6907: gcc -o conftest  -pipe -ggdb -g -O2   conftest.c  >&5
configure:6907: $? = 0
configure:6907: ./conftest
configure:6907: $? = 0
configure:6922: result: 2
configure:6934: checking size of int
configure:6940: gcc -o conftest  -pipe -ggdb -g -O2   conftest.c  >&5
configure:6940: $? = 0
configure:6940: ./conftest
configure:6940: $? = 0
configure:6955: result: 4
configure:6967: checking size of long
configure:6973: gcc -o conftest  -pipe -ggdb -g -O2   conftest.c  >&5
configure:6973: $? = 0
configure:6973: ./conftest
configure:6973: $? = 0
configure:6988: result: 8
configure:7000: checking size of long long
configure:7006: gcc -o conftest  -pipe -ggdb -g -O2   conftest.c  >&5
configure:7006: $? = 0
configure:7006: ./conftest
configure:7006: $? = 0
configure:7021: result: 8
configure:7029: checking whether char is unsigned
configure:7049: gcc -c  -pipe -ggdb -g -O2  conftest.c >&5
configure:7049: $? = 0
configure:7057: result: no
configure:7090: checking type name for byte
configure:7098: result: char
configure:7100: checking type name for word
configure:7103: result: short
configure:7105: checking type name for dword
configure:7108: result: int
configure:7110: checking type name for qword
configure:7113: result: long
configure:7153: checking whether byte ordering is bigendian
configure:7169: gcc -c  -pipe -ggdb -g -O2  conftest.c >&5
conftest.c:46:16: error: unknown type name 'not'
   46 |                not a universal capable compiler
      |                ^~~
conftest.c:46:22: error: expected '=', ',', ';', 'asm' or '__attribute__' before 'universal'
   46 |                not a universal capable compiler
      |                      ^~~~~~~~~
conftest.c:46:22: error: unknown type name 'universal'
configure:7169: $? = 1
configure: failed program was:
| /* confdefs.h */
| #define PACKAGE_NAME ""
| #define PACKAGE_TARNAME ""
| #define PACKAGE_VERSION ""
| #define PACKAGE_STRING ""
| #define PACKAGE_BUGREPORT ""
| #define PACKAGE_URL ""
| #define SDCC_VERSION_LO 2
| #define SDCC_VERSION_HI 4
| #define SDCC_VERSION_P 14
| #define SDCC_VERSION_STR "4.2.14"
| #define HAVE_STDIO_H 1
| #define HAVE_STDLIB_H 1
| #define HAVE_STRING_H 1
| #define HAVE_INTTYPES_H 1
| #define HAVE_STDINT_H 1
| #define HAVE_STRINGS_H 1
| #define HAVE_SYS_STAT_H 1
| #define HAVE_SYS_TYPES_H 1
| #define HAVE_UNISTD_H 1
| #define STDC_HEADERS 1
| #define HAVE_ENDIAN_H 1
| #define HAVE_UCHAR_H 1
| #define HAVE_BOOST_GRAPH_ADJACENCY_LIST_HPP 1
| #define HAVE_MKSTEMP 1
| #define HAVE_STRNDUP 1
| #define HAVE_SETRLIMIT 1
| #define HAVE_BACKTRACE_SYMBOLS_FD 1
| #define HAVE_CXX11 1
| #define RETSIGTYPE void
| #define SIZEOF_CHAR 1
| #define SIZEOF_SHORT 2
| #define SIZEOF_INT 4
| #define SIZEOF_LONG 8
| #define SIZEOF_LONG_LONG 8
| #define TYPE_BYTE char
| #define TYPE_WORD short
| #define TYPE_DWORD int
| #define TYPE_QWORD long
| #define TYPE_UBYTE unsigned char
| #define TYPE_UWORD unsigned short
| #define TYPE_UDWORD unsigned int
| #define TYPE_UQWORD unsigned long
| /* end confdefs.h.  */
| #ifndef __APPLE_CC__
| 	       not a universal capable compiler
| 	     #endif
| 	     typedef int dummy;
| 
configure:7215: gcc -c  -pipe -ggdb -g -O2  conftest.c >&5
configure:7215: $? = 0
configure:7234: gcc -c  -pipe -ggdb -g -O2  conftest.c >&5
conftest.c: In function 'main':
conftest.c:52:18: error: unknown type name 'not'; did you mean 'ino_t'?
   52 |                  not big endian
      |                  ^~~
      |                  ino_t
conftest.c:52:26: error: expected '=', ',', ';', 'asm' or '__attribute__' before 'endian'
   52 |                  not big endian
      |                          ^~~~~~
configure:7234: $? = 1
configure: failed program was:
| /* confdefs.h */
| #define PACKAGE_NAME ""
| #define PACKAGE_TARNAME ""
| #define PACKAGE_VERSION ""
| #define PACKAGE_STRING ""
| #define PACKAGE_BUGREPORT ""
| #define PACKAGE_URL ""
| #define SDCC_VERSION_LO 2
| #define SDCC_VERSION_HI 4
| #define SDCC_VERSION_P 14
| #define SDCC_VERSION_STR "4.2.14"
| #define HAVE_STDIO_H 1
| #define HAVE_STDLIB_H 1
| #define HAVE_STRING_H 1
| #define HAVE_INTTYPES_H 1
| #define HAVE_STDINT_H 1
| #define HAVE_STRINGS_H 1
| #define HAVE_SYS_STAT_H 1
| #define HAVE_SYS_TYPES_H 1
| #define HAVE_UNISTD_H 1
| #define STDC_HEADERS 1
| #define HAVE_ENDIAN_H 1
| #define HAVE_UCHAR_H 1
| #define HAVE_BOOST_GRAPH_ADJACENCY_LIST_HPP 1
| #define HAVE_MKSTEMP 1
| #define HAVE_STRNDUP 1
| #define HAVE_SETRLIMIT 1
| #define HAVE_BACKTRACE_SYMBOLS_FD 1
| #define HAVE_CXX11 1
| #define RETSIGTYPE void
| #define SIZEOF_CHAR 1
| #define SIZEOF_SHORT 2
| #define SIZEOF_INT 4
| #define SIZEOF_LONG 8
| #define SIZEOF_LONG_LONG 8
| #define TYPE_BYTE char
| #define TYPE_WORD short
| #define TYPE_DWORD int
| #define TYPE_QWORD long
| #define TYPE_UBYTE unsigned char
| #define TYPE_UWORD unsigned short
| #define TYPE_UDWORD unsigned int
| #define TYPE_UQWORD unsigned long
| /* end confdefs.h.  */
| #include <sys/types.h>
| 		#include <sys/param.h>
| 
| int
| main (void)
| {
| #if BYTE_ORDER != BIG_ENDIAN
| 		 not big endian
| 		#endif
| 
|   ;
|   return 0;
| }
configure:7368: result: no
configure:8815: checking for lyx
configure:8848: result: :
configure:8858: checking for latex2html
configure:8891: result: :
configure:8901: checking for latex
configure:8934: result: :
configure:8944: checking for dvipdfm
configure:8977: result: :
configure:8987: checking for pdflatex
configure:9020: result: :
configure:9030: checking for makeindex
configure:9063: result: :
configure:9445: creating ./config.status

## ---------------------- ##
## Running config.status. ##
## ---------------------- ##

This file was extended by config.status, which was
generated by GNU Autoconf 2.71.  Invocation command line was

  CONFIG_FILES    = 
  CONFIG_HEADERS  = 
  CONFIG_LINKS    = 
  CONFIG_COMMANDS = 
  $ ./config.status 

on wasimul-HP

config.status:1040: creating doc/Makefile
config.status:1040: creating src/ds390/Makefile
config.status:1040: creating sdas/as8xcxxx/Makefile
config.status:1040: creating device/lib/ds390/Makefile
config.status:1040: creating device/lib/ds400/Makefile
config.status:1040: creating src/hc08/Makefile
config.status:1040: creating sdas/as6808/Makefile
config.status:1040: creating device/lib/hc08/Makefile
config.status:1040: creating device/lib/s08/Makefile
config.status:1040: creating src/mos6502/Makefile
config.status:1040: creating sdas/as6500/Makefile
config.status:1040: creating device/lib/mos6502/Makefile
config.status:1040: creating device/lib/mos6502-stack-auto/Makefile
config.status:1040: creating device/lib/mos65c02/Makefile
config.status:1040: creating src/mcs51/Makefile
config.status:1040: creating sdas/as8051/Makefile
config.status:1040: creating device/lib/mcs51/Makefile
config.status:1040: creating device/lib/small/Makefile
config.status:1040: creating device/lib/medium/Makefile
config.status:1040: creating device/lib/large/Makefile
config.status:1040: creating device/lib/huge/Makefile
config.status:1040: creating src/pic14/Makefile
config.status:1040: creating src/pic16/Makefile
config.status:1040: creating src/z80/Makefile
config.status:1040: creating sdas/asz80/Makefile
config.status:1040: creating device/lib/z80/Makefile
config.status:1040: creating device/lib/z180/Makefile
config.status:1040: creating device/lib/ez80_z80/Makefile
config.status:1040: creating device/lib/z80n/Makefile
config.status:1040: creating sdas/asrab/Makefile
config.status:1040: creating device/lib/r2k/Makefile
config.status:1040: creating device/lib/r2ka/Makefile
config.status:1040: creating device/lib/r3ka/Makefile
config.status:1040: creating sdas/astlcs90/Makefile
config.status:1040: creating device/lib/tlcs90/Makefile
config.status:1040: creating sdas/asgb/Makefile
config.status:1040: creating device/lib/sm83/Makefile
config.status:1040: creating src/pdk/Makefile
config.status:1040: creating sdas/aspdk13/Makefile
config.status:1040: creating device/lib/pdk13/Makefile
config.status:1040: creating sdas/aspdk14/Makefile
config.status:1040: creating device/lib/pdk14/Makefile
config.status:1040: creating sdas/aspdk15/Makefile
config.status:1040: creating device/lib/pdk15/Makefile
config.status:1040: creating device/lib/pdk15-stack-auto/Makefile
config.status:1040: creating device/lib/Makefile
config.status:1040: creating device/non-free/lib/Makefile
config.status:1040: creating main.mk
config.status:1040: creating bin/Makefile
config.status:1040: creating src/Makefile
config.status:1040: creating device/include/Makefile
config.status:1040: creating sdas/linksrc/Makefile
config.status:1040: creating support/makebin/Makefile
config.status:1040: creating support/regression/Makefile
config.status:1040: creating support/regression/cases/Makefile
config.status:1040: creating support/valdiag/Makefile
config.status:1040: creating support/scripts/Makefile
config.status:1040: creating support/regression/ports/host/spec.mk
config.status:1040: creating Makefile
config.status:1040: creating Makefile.common
config.status:1040: creating bin/sdcc
config.status:1040: creating bin/sdcpp
config.status:1040: creating bin/sdar
config.status:1040: creating bin/sdnm
config.status:1040: creating bin/sdranlib
config.status:1040: creating bin/sdobjcopy
config.status:1040: creating device/non-free/include/Makefile
config.status:1040: creating sdccconf.h
config.status:1040: creating sdas/linksrc/asxxxx_config.h
config.status:1215: sdas/linksrc/asxxxx_config.h is unchanged
configure:10753: === configuring in support/cpp (/usr/sdcc-master/support/cpp)
configure:10814: running /bin/bash ./configure --disable-option-checking '--prefix=/usr/local'  'docdir=${datarootdir}/doc/${PACKAGE}' --cache-file=/dev/null --srcdir=.
configure:10753: === configuring in support/packihx (/usr/sdcc-master/support/packihx)
configure:10814: running /bin/bash ./configure --disable-option-checking '--prefix=/usr/local'  'docdir=${datarootdir}/doc/${PACKAGE}' --cache-file=/dev/null --srcdir=.
configure:10753: === configuring in sim/ucsim (/usr/sdcc-master/sim/ucsim)
configure:10814: running /bin/bash ./configure --disable-option-checking '--prefix=/usr/local'  'docdir=${datarootdir}/doc/${PACKAGE}' --cache-file=/dev/null --srcdir=.
configure:10753: === configuring in debugger/mcs51 (/usr/sdcc-master/debugger/mcs51)
configure:10814: running /bin/bash ./configure --disable-option-checking '--prefix=/usr/local'  'docdir=${datarootdir}/doc/${PACKAGE}' --cache-file=/dev/null --srcdir=.
configure:10753: === configuring in support/sdbinutils (/usr/sdcc-master/support/sdbinutils)
configure:10814: running /bin/bash ./configure --disable-option-checking '--prefix=/usr/local'  'docdir=${datarootdir}/doc/${PACKAGE}' --cache-file=/dev/null --srcdir=.
configure:10753: === configuring in device/lib/pic14 (/usr/sdcc-master/device/lib/pic14)
configure:10814: running /bin/bash ./configure --disable-option-checking '--prefix=/usr/local'  'docdir=${datarootdir}/doc/${PACKAGE}' --cache-file=/dev/null --srcdir=.
configure:10819: error: ./configure failed for device/lib/pic14

## ---------------- ##
## Cache variables. ##
## ---------------- ##

ac_cv_build=x86_64-pc-linux-gnu
ac_cv_c_bigendian=no
ac_cv_c_char_unsigned=no
ac_cv_c_compiler_gnu=yes
ac_cv_cxx_compiler_gnu=yes
ac_cv_env_CCC_set=
ac_cv_env_CCC_value=
ac_cv_env_CC_set=
ac_cv_env_CC_value=
ac_cv_env_CFLAGS_set=
ac_cv_env_CFLAGS_value=
ac_cv_env_CPPFLAGS_set=
ac_cv_env_CPPFLAGS_value=
ac_cv_env_CPP_set=
ac_cv_env_CPP_value=
ac_cv_env_CXXFLAGS_set=
ac_cv_env_CXXFLAGS_value=
ac_cv_env_CXX_set=
ac_cv_env_CXX_value=
ac_cv_env_LDFLAGS_set=
ac_cv_env_LDFLAGS_value=
ac_cv_env_LIBS_set=
ac_cv_env_LIBS_value=
ac_cv_env_LIB_TYPE_set=
ac_cv_env_LIB_TYPE_value=
ac_cv_env_PYTHON_set=
ac_cv_env_PYTHON_value=
ac_cv_env_build_alias_set=
ac_cv_env_build_alias_value=
ac_cv_env_docdir_set=set
ac_cv_env_docdir_value='${datarootdir}/doc/${PACKAGE}'
ac_cv_env_host_alias_set=
ac_cv_env_host_alias_value=
ac_cv_env_inclib_dir_suffix_set=
ac_cv_env_inclib_dir_suffix_value=
ac_cv_env_include_dir_suffix_set=
ac_cv_env_include_dir_suffix_value=
ac_cv_env_lib_dir_suffix_set=
ac_cv_env_lib_dir_suffix_value=
ac_cv_env_non_free_inclib_dir_suffix_set=
ac_cv_env_non_free_inclib_dir_suffix_value=
ac_cv_env_non_free_include_dir_suffix_set=
ac_cv_env_non_free_include_dir_suffix_value=
ac_cv_env_non_free_lib_dir_suffix_set=
ac_cv_env_non_free_lib_dir_suffix_value=
ac_cv_env_sdccconf_h_dir_separator_set=
ac_cv_env_sdccconf_h_dir_separator_value=
ac_cv_env_target_alias_set=
ac_cv_env_target_alias_value=
ac_cv_func_backtrace_symbols_fd=yes
ac_cv_func_mkstemp=yes
ac_cv_func_setrlimit=yes
ac_cv_func_strndup=yes
ac_cv_header_boost_graph_adjacency_list_hpp=yes
ac_cv_header_endian_h=yes
ac_cv_header_gala_graph_h=no
ac_cv_header_inttypes_h=yes
ac_cv_header_machine_endian_h=no
ac_cv_header_stdint_h=yes
ac_cv_header_stdio_h=yes
ac_cv_header_stdlib_h=yes
ac_cv_header_string_h=yes
ac_cv_header_strings_h=yes
ac_cv_header_sys_endian_h=no
ac_cv_header_sys_isa_defs_h=no
ac_cv_header_sys_stat_h=yes
ac_cv_header_sys_types_h=yes
ac_cv_header_treedec_combinations_hpp=no
ac_cv_header_uchar_h=yes
ac_cv_header_unistd_h=yes
ac_cv_host=x86_64-pc-linux-gnu
ac_cv_objext=o
ac_cv_path_PYTHON=/usr/bin/python3
ac_cv_path_install='/usr/bin/install -c'
ac_cv_prog_AR=ar
ac_cv_prog_AS=as
ac_cv_prog_AUTOCONF=autoconf
ac_cv_prog_AWK=gawk
ac_cv_prog_CP=cp
ac_cv_prog_CPP='gcc -E'
ac_cv_prog_DVIPDFM=:
ac_cv_prog_LATEX2HTML=:
ac_cv_prog_LATEX=:
ac_cv_prog_LEX=flex
ac_cv_prog_LYX=:
ac_cv_prog_M4=m4
ac_cv_prog_MAKEINDEX=:
ac_cv_prog_PDFLATEX=:
ac_cv_prog_STRIP=strip
ac_cv_prog_YACC='bison -y'
ac_cv_prog_ac_ct_CC=gcc
ac_cv_prog_ac_ct_CXX=g++
ac_cv_prog_ac_ct_RANLIB=ranlib
ac_cv_prog_cc_c11=
ac_cv_prog_cc_g=yes
ac_cv_prog_cc_stdc=
ac_cv_prog_cxx_11=no
ac_cv_prog_cxx_cxx11=
ac_cv_prog_cxx_g=yes
ac_cv_prog_cxx_stdcxx=
ac_cv_sizeof_char=1
ac_cv_sizeof_int=4
ac_cv_sizeof_long=8
ac_cv_sizeof_long_long=8
ac_cv_sizeof_short=2
ac_cv_type_signal=void
am_cv_pathless_PYTHON=python3
am_cv_python_platform=linux
am_cv_python_pyexecdir='${exec_prefix}/local/lib/python3.10/dist-packages'
am_cv_python_pythondir='${prefix}/local/lib/python3.10/dist-packages'
am_cv_python_version=3.10
ax_cv_cxx_compile_cxx11__std_gnupp11=yes
sdcc_cv_MM=-MM
sdcc_cv_c_ggdb=yes
sdcc_cv_c_pipe=yes
sdcc_cv_version=4.2.14
sdcc_cv_versionhi=4
sdcc_cv_versionlo=2
sdcc_cv_versionp=14

## ----------------- ##
## Output variables. ##
## ----------------- ##

AR='ar'
AS='as'
AUTOCONF='autoconf'
AWK='gawk'
C99_FLAG='--std=c99'
CC='gcc'
CCACHE=''
CFLAGS=' -pipe -ggdb -g -O2'
CP='cp'
CPP='gcc -E'
CPPFLAGS=''
CXX='g++ -std=gnu++11'
CXXFLAGS='-pipe -ggdb -g -O2'
DEFS='-DHAVE_CONFIG_H'
DVIPDFM=':'
ECHO_C=''
ECHO_N='-n'
ECHO_T=''
EXEEXT=''
GIT_REVISION=''
HAVE_CXX11='1'
INSTALL_DATA='${INSTALL} -m 644'
INSTALL_PROGRAM='${INSTALL}'
INSTALL_SCRIPT='${INSTALL}'
LATEX2HTML=':'
LATEX=':'
LDFLAGS=''
LEX='flex'
LIBOBJS=''
LIBS=''
LIB_TYPE='RANLIB'
LTLIBOBJS=''
LYX=':'
M4='m4'
MAKEDEP='gcc -MM'
MAKEDEP_CXX='g++ -std=gnu++11 -MM'
MAKEINDEX=':'
OBJEXT='o'
OPT_DISABLE_AVR='1'
OPT_DISABLE_DEVICE_LIB='0'
OPT_DISABLE_DS390='0'
OPT_DISABLE_DS400='0'
OPT_DISABLE_EZ80_Z80='0'
OPT_DISABLE_HC08='0'
OPT_DISABLE_MCS51='0'
OPT_DISABLE_MOS6502='0'
OPT_DISABLE_MOS65C02='1'
OPT_DISABLE_NON_FREE='0'
OPT_DISABLE_PACKIHX='0'
OPT_DISABLE_PDK13='0'
OPT_DISABLE_PDK14='0'
OPT_DISABLE_PDK15='0'
OPT_DISABLE_PDK16='1'
OPT_DISABLE_PIC14='0'
OPT_DISABLE_PIC16='0'
OPT_DISABLE_R2K='0'
OPT_DISABLE_R2KA='0'
OPT_DISABLE_R3KA='0'
OPT_DISABLE_S08='0'
OPT_DISABLE_SDBINUTILS='0'
OPT_DISABLE_SDCDB='0'
OPT_DISABLE_SDCPP='0'
OPT_DISABLE_SM83='0'
OPT_DISABLE_TLCS90='0'
OPT_DISABLE_UCSIM='0'
OPT_DISABLE_Z180='0'
OPT_DISABLE_Z80='0'
OPT_DISABLE_Z80N='0'
OPT_DISABLE_newSTM8='0'
OPT_ENABLE_DOC='0'
OPT_ENABLE_LIBGC='0'
PACKAGE='sdcc'
PACKAGE_BUGREPORT=''
PACKAGE_NAME=''
PACKAGE_STRING=''
PACKAGE_TARNAME=''
PACKAGE_URL=''
PACKAGE_VERSION=''
PATH_SEPARATOR=':'
PDFLATEX=':'
PYTHON='/usr/bin/python3'
PYTHON_EXEC_PREFIX='${exec_prefix}'
PYTHON_PLATFORM='linux'
PYTHON_PREFIX='${prefix}'
PYTHON_VERSION='3.10'
RANLIB='ranlib'
SHELL='/bin/bash'
STRIP='strip'
SVN_REVISION='unknown'
VERSION='4.2.14'
VERSIONHI='4'
VERSIONLO='2'
VERSIONP='14'
WALL_FLAG='-Wall -Wno-parentheses'
YACC='bison -y'
ac_ct_CC='gcc'
ac_ct_CXX='g++'
bindir='${exec_prefix}/bin'
build='x86_64-pc-linux-gnu'
build_alias=''
build_cpu='x86_64'
build_os='linux-gnu'
build_vendor='pc'
datadir='${datarootdir}'
datarootdir='${prefix}/share'
docdir='${datarootdir}/doc/${PACKAGE}'
dvidir='${docdir}'
exec_prefix='${prefix}'
host='x86_64-pc-linux-gnu'
host_alias=''
host_cpu='x86_64'
host_os='linux-gnu'
host_vendor='pc'
htmldir='${docdir}'
inclib_dir_suffix='sdcc'
include_dir_suffix='sdcc/include'
includedir='${prefix}/include'
infodir='${datarootdir}/info'
lib_dir_suffix='sdcc/lib'
libdir='${exec_prefix}/lib'
libexecdir='${exec_prefix}/libexec'
localedir='${datarootdir}/locale'
localstatedir='${prefix}/var'
mandir='${datarootdir}/man'
non_free_inclib_dir_suffix='sdcc/non-free'
non_free_include_dir_suffix='sdcc/non-free/include'
non_free_lib_dir_suffix='sdcc/non-free/lib'
oldincludedir='/usr/include'
pdfdir='${docdir}'
pkgpyexecdir='${pyexecdir}/sdcc'
pkgpythondir='${pythondir}/sdcc'
prefix='/usr/local'
program_transform_name='s,x,x,'
psdir='${docdir}'
pyexecdir='${exec_prefix}/local/lib/python3.10/dist-packages'
pythondir='${prefix}/local/lib/python3.10/dist-packages'
runstatedir='${localstatedir}/run'
sbindir='${exec_prefix}/sbin'
sdccconf_h_dir_separator='/'
sharedstatedir='${prefix}/com'
subdirs=' support/cpp support/packihx sim/ucsim debugger/mcs51 support/sdbinutils device/lib/pic14 device/non-free/lib/pic14 device/lib/pic16 device/non-free/lib/pic16'
sysconfdir='${prefix}/etc'
target_alias=''

configure: exit 1
